#
# There is insufficient memory for the Java Runtime Environment to continue.
# Native memory allocation (malloc) failed to allocate 1048576 bytes. Error detail: AllocateHeap
# Possible reasons:
#   The system is out of physical RAM or swap space
#   This process is running with CompressedOops enabled, and the Java Heap may be blocking the growth of the native heap
# Possible solutions:
#   Reduce memory load on the system
#   Increase physical memory or swap space
#   Check if swap backing store is full
#   Decrease Java heap size (-Xmx/-Xms)
#   Decrease number of Java threads
#   Decrease Java thread stack sizes (-Xss)
#   Set larger code cache with -XX:ReservedCodeCacheSize=
#   JVM is running with Zero Based Compressed Oops mode in which the Java heap is
#     placed in the first 32GB address space. The Java Heap base address is the
#     maximum limit for the native heap growth. Please use -XX:HeapBaseMinAddress
#     to set the Java Heap base and to place the Java Heap above 32GB virtual address.
# This output file may be truncated or incomplete.
#
#  Out of Memory Error (allocation.cpp:44), pid=20732, tid=21576
#
# JRE version:  (21.0.5+8) (build )
# Java VM: OpenJDK 64-Bit Server VM (21.0.5+8-b631.16, mixed mode, sharing, tiered, compressed oops, compressed class ptrs, g1 gc, windows-amd64)
# No core dump will be written. Minidumps are not enabled by default on client versions of Windows
#

---------------  S U M M A R Y ------------

Command Line: git4idea.http.GitAskPassApp Username for 'https://github.com': 

Host: Intel(R) Core(TM) i7-1065G7 CPU @ 1.30GHz, 8 cores, 15G,  Windows 11 , 64 bit Build 26100 (10.0.26100.7920)
Time: Thu Apr  9 02:22:06 2026 Azerbaijan Standard Time elapsed time: 1.088677 seconds (0d 0h 0m 1s)

---------------  T H R E A D  ---------------

Current thread (0x00000294cf46f930):  JavaThread "Unknown thread" [_thread_in_vm, id=21576, stack(0x000000ef23a00000,0x000000ef23b00000) (1024K)]

Stack: [0x000000ef23a00000,0x000000ef23b00000]
Native frames: (J=compiled Java code, j=interpreted, Vv=VM code, C=native code)
V  [jvm.dll+0x6e52b9]
V  [jvm.dll+0x8c3633]
V  [jvm.dll+0x8c5b8e]
V  [jvm.dll+0x8c6273]
V  [jvm.dll+0x288f46]
V  [jvm.dll+0xc0e57]
V  [jvm.dll+0x33e2e5]
V  [jvm.dll+0x3368f1]
V  [jvm.dll+0x88aa89]
V  [jvm.dll+0x3ca518]
V  [jvm.dll+0x873b98]
V  [jvm.dll+0x45eede]
V  [jvm.dll+0x460bc1]
C  [jli.dll+0x52ab]
C  [ucrtbase.dll+0x37b0]
C  [KERNEL32.DLL+0x2e8d7]
C  [ntdll.dll+0x8c48c]


---------------  P R O C E S S  ---------------

Threads class SMR info:
_java_thread_list=0x00007ff88a72a148, length=0, elements={
}

Java Threads: ( => current thread )
Total: 0

Other Threads:
  0x00000294cf4d1b50 WorkerThread "GC Thread#0"                     [id=21860, stack(0x000000ef23b00000,0x000000ef23c00000) (1024K)]

[error occurred during error reporting (printing all threads), id 0xc0000005, EXCEPTION_ACCESS_VIOLATION (0xc0000005) at pc=0x00007ff889e12ed0]
VM state: not at safepoint (not fully initialized)

VM Mutex/Monitor currently owned by a thread:  ([mutex/lock_event])
[0x00007ff88a79eb30] Heap_lock - owner thread: 0x00000294cf46f930

Heap address: 0x0000000703600000, size: 4042 MB, Compressed Oops mode: Zero based, Oop shift amount: 3

CDS archive(s) mapped at: [0x0000000000000000-0x0000000000000000-0x0000000000000000), size 0, SharedBaseAddress: 0x0000000800000000, ArchiveRelocationMode: 1.
Narrow klass base: 0x0000000000000000, Narrow klass shift: 0, Narrow klass range: 0x0

GC Precious Log:
 CardTable entry size: 512
 Card Set container configuration: InlinePtr #cards 4 size 8 Array Of Cards #cards 16 size 48 Howl #buckets 8 coarsen threshold 3686 Howl Bitmap #cards 512 size 80 coarsen threshold 460 Card regions per heap region 1 cards per card region 4096

Heap:
 garbage-first heap   total 0K, used 0K [0x0000000703600000, 0x0000000800000000)
  region size 2048K, 0 young (0K), 0 survivors (0K)
 Metaspace       used 0K, committed 0K, reserved 0K
  class space    used 0K, committed 0K, reserved 0K

Heap Regions: E=young(eden), S=young(survivor), O=old, HS=humongous(starts), HC=humongous(continues), CS=collection set, F=free, TAMS=top-at-mark-start, PB=parsable bottom

Card table byte_map: [0x00000294e2f20000,0x00000294e3710000] _byte_map_base: 0x00000294df705000

GC Heap History (0 events):
No events

Dll operation events (1 events):
Event: 0.008 Loaded shared library C:\Program Files\JetBrains\IntelliJ IDEA Community Edition 2024.3\jbr\bin\java.dll

Deoptimization events (0 events):
No events

Classes loaded (0 events):
No events

Classes unloaded (0 events):
No events

Classes redefined (0 events):
No events

Internal exceptions (0 events):
No events

ZGC Phase Switch (0 events):
No events

VM Operations (0 events):
No events

Memory protections (0 events):
No events

Nmethod flushes (0 events):
No events

Events (0 events):
No events


Dynamic libraries:
0x00007ff7cb6c0000 - 0x00007ff7cb6ca000 	C:\Program Files\JetBrains\IntelliJ IDEA Community Edition 2024.3\jbr\bin\java.exe
0x00007ff961400000 - 0x00007ff961667000 	C:\WINDOWS\SYSTEM32\ntdll.dll
0x00007ff95f1a0000 - 0x00007ff95f269000 	C:\WINDOWS\System32\KERNEL32.DLL
0x00007ff95dce0000 - 0x00007ff95e0d1000 	C:\WINDOWS\System32\KERNELBASE.dll
0x00007ff95e1a0000 - 0x00007ff95e2eb000 	C:\WINDOWS\System32\ucrtbase.dll
0x00007ff94aec0000 - 0x00007ff94aed8000 	C:\Program Files\JetBrains\IntelliJ IDEA Community Edition 2024.3\jbr\bin\jli.dll
0x00007ff957b80000 - 0x00007ff957b9b000 	C:\Program Files\JetBrains\IntelliJ IDEA Community Edition 2024.3\jbr\bin\VCRUNTIME140.dll
0x00007ff960650000 - 0x00007ff960815000 	C:\WINDOWS\System32\USER32.dll
0x00007ff95f000000 - 0x00007ff95f027000 	C:\WINDOWS\System32\win32u.dll
0x00007ff948e60000 - 0x00007ff9490f3000 	C:\WINDOWS\WinSxS\amd64_microsoft.windows.common-controls_6595b64144ccf1df_6.0.26100.8037_none_3e092faae333b53b\COMCTL32.dll
0x00007ff95feb0000 - 0x00007ff95fedb000 	C:\WINDOWS\System32\GDI32.dll
0x00007ff95f7b0000 - 0x00007ff95f859000 	C:\WINDOWS\System32\msvcrt.dll
0x00007ff95e2f0000 - 0x00007ff95e41b000 	C:\WINDOWS\System32\gdi32full.dll
0x00007ff95e420000 - 0x00007ff95e4c3000 	C:\WINDOWS\System32\msvcp_win.dll
0x00007ff95f450000 - 0x00007ff95f481000 	C:\WINDOWS\System32\IMM32.DLL
0x00007ff957af0000 - 0x00007ff957afc000 	C:\Program Files\JetBrains\IntelliJ IDEA Community Edition 2024.3\jbr\bin\vcruntime140_1.dll
0x00007ff928d50000 - 0x00007ff928ddd000 	C:\Program Files\JetBrains\IntelliJ IDEA Community Edition 2024.3\jbr\bin\msvcp140.dll
0x00007ff889ad0000 - 0x00007ff88a891000 	C:\Program Files\JetBrains\IntelliJ IDEA Community Edition 2024.3\jbr\bin\server\jvm.dll
0x00007ff95fa60000 - 0x00007ff95fb1b000 	C:\WINDOWS\System32\ADVAPI32.dll
0x00007ff95f650000 - 0x00007ff95f6f7000 	C:\WINDOWS\System32\sechost.dll
0x00007ff95fb20000 - 0x00007ff95fc38000 	C:\WINDOWS\System32\RPCRT4.dll
0x00007ff95f8e0000 - 0x00007ff95f954000 	C:\WINDOWS\System32\WS2_32.dll
0x00007ff9546e0000 - 0x00007ff9546eb000 	C:\WINDOWS\SYSTEM32\VERSION.dll
0x00007ff94c420000 - 0x00007ff94c455000 	C:\WINDOWS\SYSTEM32\WINMM.dll
0x00007ff95db40000 - 0x00007ff95db9e000 	C:\WINDOWS\SYSTEM32\POWRPROF.dll
0x00007ff95db20000 - 0x00007ff95db34000 	C:\WINDOWS\SYSTEM32\UMPDC.dll
0x00007ff95ca30000 - 0x00007ff95ca4b000 	C:\WINDOWS\SYSTEM32\kernel.appcore.dll
0x00007ff957ae0000 - 0x00007ff957aea000 	C:\Program Files\JetBrains\IntelliJ IDEA Community Edition 2024.3\jbr\bin\jimage.dll
0x00007ff949c90000 - 0x00007ff949ed2000 	C:\WINDOWS\SYSTEM32\DBGHELP.DLL
0x00007ff961030000 - 0x00007ff9613b2000 	C:\WINDOWS\System32\combase.dll
0x00007ff95f980000 - 0x00007ff95fa57000 	C:\WINDOWS\System32\OLEAUT32.dll
0x00007ff9594b0000 - 0x00007ff9594eb000 	C:\WINDOWS\SYSTEM32\dbgcore.DLL
0x00007ff95edd0000 - 0x00007ff95ee75000 	C:\WINDOWS\System32\bcryptPrimitives.dll
0x00007ff9497a0000 - 0x00007ff9497c0000 	C:\Program Files\JetBrains\IntelliJ IDEA Community Edition 2024.3\jbr\bin\java.dll

dbghelp: loaded successfully - version: 4.0.5 - missing functions: none
symbol engine: initialized successfully - sym options: 0x614 - pdb path: .;C:\Program Files\JetBrains\IntelliJ IDEA Community Edition 2024.3\jbr\bin;C:\WINDOWS\SYSTEM32;C:\WINDOWS\WinSxS\amd64_microsoft.windows.common-controls_6595b64144ccf1df_6.0.26100.8037_none_3e092faae333b53b;C:\Program Files\JetBrains\IntelliJ IDEA Community Edition 2024.3\jbr\bin\server

VM Arguments:
java_command: git4idea.http.GitAskPassApp Username for 'https://github.com': 
java_class_path (initial): C:/Program Files/JetBrains/IntelliJ IDEA Community Edition 2024.3/plugins/vcs-git/lib/git4idea-rt.jar;C:/Program Files/JetBrains/IntelliJ IDEA Community Edition 2024.3/lib/externalProcess-rt.jar
Launcher Type: SUN_STANDARD

[Global flags]
     intx CICompilerCount                          = 4                                         {product} {ergonomic}
     uint ConcGCThreads                            = 2                                         {product} {ergonomic}
     uint G1ConcRefinementThreads                  = 8                                         {product} {ergonomic}
   size_t G1HeapRegionSize                         = 2097152                                   {product} {ergonomic}
    uintx GCDrainStackTargetSize                   = 64                                        {product} {ergonomic}
   size_t InitialHeapSize                          = 266338304                                 {product} {ergonomic}
   size_t MarkStackSize                            = 4194304                                   {product} {ergonomic}
   size_t MaxHeapSize                              = 4238344192                                {product} {ergonomic}
   size_t MinHeapDeltaBytes                        = 2097152                                   {product} {ergonomic}
   size_t MinHeapSize                              = 8388608                                   {product} {ergonomic}
    uintx NonNMethodCodeHeapSize                   = 5839372                                {pd product} {ergonomic}
    uintx NonProfiledCodeHeapSize                  = 122909434                              {pd product} {ergonomic}
    uintx ProfiledCodeHeapSize                     = 122909434                              {pd product} {ergonomic}
    uintx ReservedCodeCacheSize                    = 251658240                              {pd product} {ergonomic}
     bool SegmentedCodeCache                       = true                                      {product} {ergonomic}
   size_t SoftMaxHeapSize                          = 4238344192                             {manageable} {ergonomic}
     bool UseCompressedOops                        = true                           {product lp64_product} {ergonomic}
     bool UseG1GC                                  = true                                      {product} {ergonomic}
     bool UseLargePagesIndividualAllocation        = false                                  {pd product} {ergonomic}

Logging:
Log output configuration:
 #0: stdout all=warning uptime,level,tags foldmultilines=false
 #1: stderr all=off uptime,level,tags foldmultilines=false

Environment Variables:
PATH=C:\Program Files\Git\mingw64\libexec\git-core;C:\Program Files\Git\mingw64\libexec\git-core;C:\Program Files\Git\mingw64\bin;C:\Program Files\Git\usr\bin;C:\Users\acer\bin;C:\Program Files (x86)\Common Files\Oracle\Java\javapath;C:\Windows\system32;C:\Windows;C:\Windows\System32\Wbem;C:\Windows\System32\WindowsPowerShell\v1.0;C:\Windows\System32\OpenSSH;C:\Program Files (x86)\NVIDIA Corporation\PhysX\Common;C:\Program Files\NVIDIA Corporation\NVIDIA NvDLISR;C:\Program Files\Microsoft SQL Server\Client SDK\ODBC\170\Tools\Binn;C:\WINDOWS\system32;C:\WINDOWS;C:\WINDOWS\System32\Wbem;C:\WINDOWS\System32\WindowsPowerShell\v1.0;C:\WINDOWS\System32\OpenSSH;C:\Program Files (x86)\Microsoft SQL Server\160\Tools\Binn;C:\Program Files\Microsoft SQL Server\160\Tools\Binn;C:\Program Files\Microsoft SQL Server\160\DTS\Binn;C:\Program Files\Azure Data Studio\bin;C:\Program Files\Git\cmd;C:\Program Files\nodejs;C:\Program Files\Docker\Docker\resources\bin;C:\Program Files (x86)\Common Files\Oracle\Java\javapath;C:\Windows\system32;C:\Windows;C:\Windows\System32\Wbem;C:\Windows\System32\WindowsPowerShell\v1.0;C:\Windows\System32\OpenSSH;C:\Program Files (x86)\NVIDIA Corporation\PhysX\Common;C:\Program Files\NVIDIA Corporation\NVIDIA NvDLISR;C:\Program Files\Microsoft SQL Server\Client SDK\ODBC\170\Tools\Binn;C:\WINDOWS\system32;C:\WINDOWS;C:\WINDOWS\System32\Wbem;C:\WINDOWS\System32\WindowsPowerShell\v1.0;C:\WINDOWS\System32\OpenSSH;C:\Program Files (x86)\Microsoft SQL Server\160\Tools\Binn;C:\Program Files\Microsoft SQL Server\160\Tools\Binn;C:\Program Files\Microsoft SQL Server\160\DTS\Binn;C:\Program Files\Azure Data Studio\bin;C:\Program Files\Git\cmd;C:\Program Files\nodejs;C:\Program Files\Docker\Docker\resources\bin;C:\Users\acer\AppData\Local\Microsoft\WindowsApps;C:\Program Files\Azure Data Studio\bin;C:\Users\acer\AppData\Local\Programs\Microsoft VS Code\bin;C:\Users\acer\AppData\Roaming\npm;C:\Program Files\Apache\Maven\apache-maven-3.9.4\bin
USERNAME=acer
DISPLAY=:0.0
LC_ALL=en_US.UTF-8
TERM=xterm-256color
TMPDIR=C:\Users\acer\AppData\Local\Temp
OS=Windows_NT
PROCESSOR_IDENTIFIER=Intel64 Family 6 Model 126 Stepping 5, GenuineIntel
TMP=C:\Users\acer\AppData\Local\Temp
TEMP=C:\Users\acer\AppData\Local\Temp




Periodic native trim disabled

JNI global refs:
JNI global refs: 0, weak refs: 0

JNI global refs memory usage: 0, weak refs: 0

Process memory usage:
Resident Set Size: 12868K (0% of 16549560K total physical memory with 3300412K free physical memory)

OOME stack traces (most recent first):
Classloader memory used:

---------------  S Y S T E M  ---------------

OS:
 Windows 11 , 64 bit Build 26100 (10.0.26100.7920)
OS uptime: 0 days 10:46 hours
Hyper-V role detected

CPU: total 8 (initial active 8) (4 cores per cpu, 2 threads per core) family 6 model 126 stepping 5 microcode 0x86, cx8, cmov, fxsr, ht, mmx, 3dnowpref, sse, sse2, sse3, ssse3, sse4.1, sse4.2, popcnt, lzcnt, tsc, tscinvbit, avx, avx2, aes, erms, clmul, bmi1, bmi2, adx, avx512f, avx512dq, avx512cd, avx512bw, avx512vl, sha, fma, vzeroupper, avx512_vpopcntdq, avx512_vpclmulqdq, avx512_vaes, avx512_vnni, clflush, clflushopt, avx512_vbmi2, avx512_vbmi, hv, rdtscp, rdpid, fsrm, gfni, avx512_bitalg, f16c, avx512_ifma
Processor Information for all 8 processors :
  Max Mhz: 1498, Current Mhz: 1298, Mhz Limit: 1288

Memory: 4k page, system-wide physical 16161M (3223M free)
TotalPageFile size 20257M (AvailPageFile size 9M)
current process WorkingSet (physical memory assigned to process): 12M, peak: 12M
current process commit charge ("private bytes"): 55M, peak: 56M

vm_info: OpenJDK 64-Bit Server VM (21.0.5+8-b631.16) for windows-amd64 JRE (21.0.5+8-b631.16), built on 2024-11-02 by "builduser" with MS VC++ 16.10 / 16.11 (VS2019)

END.
